#
# There is insufficient memory for the Java Runtime Environment to continue.
# Native memory allocation (malloc) failed to allocate 1054256 bytes for Chunk::new
# Possible reasons:
#   The system is out of physical RAM or swap space
#   In 32 bit mode, the process size limit was hit
# Possible solutions:
#   Reduce memory load on the system
#   Increase physical memory or swap space
#   Check if swap backing store is full
#   Use 64 bit Java on a 64 bit OS
#   Decrease Java heap size (-Xmx/-Xms)
#   Decrease number of Java threads
#   Decrease Java thread stack sizes (-Xss)
#   Set larger code cache with -XX:ReservedCodeCacheSize=
# This output file may be truncated or incomplete.
#
#  Out of Memory Error (allocation.cpp:390), pid=1564, tid=0x0000000000002da0
#
# JRE version: OpenJDK Runtime Environment (8.0_112-b06) (build 1.8.0_112-release-b06)
# Java VM: OpenJDK 64-Bit Server VM (25.112-b06 mixed mode windows-amd64 compressed oops)
# Failed to write core dump. Minidumps are not enabled by default on client versions of Windows
#

---------------  T H R E A D  ---------------

Current thread (0x0000000016187000):  JavaThread "C2 CompilerThread0" daemon [_thread_in_native, id=11680, stack(0x00000000177d0000,0x00000000178d0000)]

Stack: [0x00000000177d0000,0x00000000178d0000]
[error occurred during error reporting (printing stack bounds), id 0xc0000005]

Native frames: (J=compiled Java code, j=interpreted, Vv=VM code, C=native code)


Current CompileTask:
C2:13058425 21498   !   4       com.android.dx.cf.code.RopperMachine::run (1550 bytes)


---------------  P R O C E S S  ---------------

Java Threads: ( => current thread )
  0x000000001ca05800 JavaThread "pool-62-thread-1" [_thread_blocked, id=9948, stack(0x000000003ac00000,0x000000003ad00000)]
  0x000000001ca0a800 JavaThread "pool-61-thread-1" [_thread_in_Java, id=10396, stack(0x000000003ab00000,0x000000003ac00000)]
  0x000000001cba7800 JavaThread "pool-19-thread-4" [_thread_blocked, id=6440, stack(0x0000000039e00000,0x0000000039f00000)]
  0x000000001ca09000 JavaThread "pool-47-thread-4" [_thread_blocked, id=3540, stack(0x0000000038600000,0x0000000038700000)]
  0x000000001ca06000 JavaThread "pool-47-thread-3" [_thread_blocked, id=4420, stack(0x0000000038500000,0x0000000038600000)]
  0x000000001ca08800 JavaThread "pool-47-thread-2" [_thread_in_native, id=8120, stack(0x0000000038400000,0x0000000038500000)]
  0x000000001ca03000 JavaThread "pool-47-thread-1" [_thread_in_native, id=6640, stack(0x0000000038300000,0x0000000038400000)]
  0x000000001c9fd000 JavaThread "Cache update executor" [_thread_blocked, id=13068, stack(0x0000000038200000,0x0000000038300000)]
  0x000000001ca01800 JavaThread "Stdin handler" [_thread_blocked, id=5264, stack(0x0000000038100000,0x0000000038200000)]
  0x000000001ca02800 JavaThread "Asynchronous log dispatcher for DefaultDaemonConnection: socket connection from /127.0.0.1:12653 to /127.0.0.1:14995" [_thread_blocked, id=13536, stack(0x0000000038000000,0x0000000038100000)]
  0x000000001ca01000 JavaThread "Daemon worker Thread 13" [_thread_blocked, id=2016, stack(0x0000000037f00000,0x0000000038000000)]
  0x000000001ca00000 JavaThread "Cancel handler" [_thread_blocked, id=8600, stack(0x0000000037e00000,0x0000000037f00000)]
  0x000000001c9ff800 JavaThread "Handler for socket connection from /127.0.0.1:12653 to /127.0.0.1:14995" [_thread_in_native, id=9672, stack(0x0000000037d00000,0x0000000037e00000)]
  0x000000001c9fc800 JavaThread "Daemon Thread 13" [_thread_blocked, id=1380, stack(0x0000000037c00000,0x0000000037d00000)]
  0x000000001ca07800 JavaThread "pool-19-thread-2" [_thread_blocked, id=9908, stack(0x000000002d000000,0x000000002d100000)]
  0x000000001ca0a000 JavaThread "pool-19-thread-3" [_thread_blocked, id=11056, stack(0x000000002cf00000,0x000000002d000000)]
  0x000000001ca07000 JavaThread "pool-19-thread-1" [_thread_blocked, id=2200, stack(0x000000002ce00000,0x000000002cf00000)]
  0x000000001944a000 JavaThread "File lock request listener" [_thread_in_native, id=13108, stack(0x000000001bd90000,0x000000001be90000)]
  0x0000000018da3800 JavaThread "pool-1-thread-1" [_thread_blocked, id=12772, stack(0x000000001b790000,0x000000001b890000)]
  0x00000000193bb000 JavaThread "Incoming local TCP Connector on port 12653" [_thread_in_native, id=10472, stack(0x00000000198a0000,0x00000000199a0000)]
  0x0000000017af5000 JavaThread "Service Thread" daemon [_thread_blocked, id=7648, stack(0x0000000017ed0000,0x0000000017fd0000)]
  0x000000001617c800 JavaThread "C1 CompilerThread2" daemon [_thread_blocked, id=13076, stack(0x00000000179d0000,0x0000000017ad0000)]
  0x0000000016179000 JavaThread "C2 CompilerThread1" daemon [_thread_in_native, id=10836, stack(0x00000000178d0000,0x00000000179d0000)]
=>0x0000000016187000 JavaThread "C2 CompilerThread0" daemon [_thread_in_native, id=11680, stack(0x00000000177d0000,0x00000000178d0000)]
  0x0000000016185800 JavaThread "Attach Listener" daemon [_thread_blocked, id=11972, stack(0x00000000176d0000,0x00000000177d0000)]
  0x0000000016184800 JavaThread "Signal Dispatcher" daemon [_thread_blocked, id=9744, stack(0x00000000175d0000,0x00000000176d0000)]
  0x00000000027eb000 JavaThread "Finalizer" daemon [_thread_blocked, id=7528, stack(0x00000000173d0000,0x00000000174d0000)]
  0x00000000027e0800 JavaThread "Reference Handler" daemon [_thread_blocked, id=7780, stack(0x00000000172d0000,0x00000000173d0000)]
  0x00000000026f1000 JavaThread "main" [_thread_blocked, id=9952, stack(0x00000000025f0000,0x00000000026f0000)]

Other Threads:
  0x0000000016144800 VMThread [stack: 0x00000000171d0000,0x00000000172d0000] [id=10060]
  0x0000000017af5800 WatcherThread [stack: 0x0000000017fd0000,0x00000000180d0000] [id=5996]

VM state:not at safepoint (normal execution)

VM Mutex/Monitor currently owned by a thread: None

Heap:
 PSYoungGen      total 421888K, used 133563K [0x00000000e0000000, 0x00000000fd380000, 0x0000000100000000)
  eden space 415232K, 30% used [0x00000000e0000000,0x00000000e7c06e60,0x00000000f9580000)
  from space 6656K, 98% used [0x00000000fa780000,0x00000000fade8020,0x00000000fae00000)
  to   space 31744K, 0% used [0x00000000fb480000,0x00000000fb480000,0x00000000fd380000)
 ParOldGen       total 129536K, used 81057K [0x00000000a0000000, 0x00000000a7e80000, 0x00000000e0000000)
  object space 129536K, 62% used [0x00000000a0000000,0x00000000a4f28670,0x00000000a7e80000)
 Metaspace       used 86466K, capacity 94156K, committed 94208K, reserved 1130496K
  class space    used 11234K, capacity 12281K, committed 12288K, reserved 1048576K

Card table byte_map: [0x0000000011bb0000,0x0000000011ec0000] byte_map_base: 0x00000000116b0000

Marking Bits: (ParMarkBitMap*) 0x00000000574a18f0
 Begin Bits: [0x00000000124c0000, 0x0000000013cc0000)
 End Bits:   [0x0000000013cc0000, 0x00000000154c0000)

Polling page: 0x0000000000ae0000

CodeCache: size=245760Kb used=62908Kb max_used=62908Kb free=182852Kb
 bounds [0x00000000027f0000, 0x00000000065c0000, 0x00000000117f0000]
 total_blobs=17892 nmethods=17068 adapters=735
 compilation: enabled

Compilation events (10 events):
Event: 13056.207 Thread 0x000000001617c800 21566       1       com.android.dx.rop.code.SwitchInsn::getCases (5 bytes)
Event: 13056.207 Thread 0x000000001617c800 nmethod 21566 0x00000000047ed410 code [0x00000000047ed560, 0x00000000047ed670]
Event: 13056.207 Thread 0x000000001617c800 21567       1       com.android.dx.dex.code.SwitchData::isPacked (5 bytes)
Event: 13056.207 Thread 0x000000001617c800 nmethod 21567 0x00000000065ae950 code [0x00000000065aeaa0, 0x00000000065aebb0]
Event: 13056.207 Thread 0x000000001617c800 21569       1       com.android.dx.cf.attrib.InnerClassList$Item::getInnerClass (5 bytes)
Event: 13056.207 Thread 0x000000001617c800 nmethod 21569 0x00000000065aec10 code [0x00000000065aed60, 0x00000000065aee70]
Event: 13056.207 Thread 0x000000001617c800 21583       1       com.android.dx.ssa.back.FirstFitLocalCombiningAllocator::access$200 (5 bytes)
Event: 13056.208 Thread 0x000000001617c800 nmethod 21583 0x00000000065aeed0 code [0x00000000065af020, 0x00000000065af110]
Event: 13056.224 Thread 0x000000001617c800 21586       2       com.android.dx.ssa.LocalVariableExtractor::<init> (61 bytes)
Event: 13056.225 Thread 0x000000001617c800 nmethod 21586 0x00000000065af190 code [0x00000000065af320, 0x00000000065af6a8]

GC Heap History (10 events):
Event: 11972.563 GC heap before
{Heap before GC invocations=30 (full 3):
 PSYoungGen      total 341504K, used 329952K [0x00000000e0000000, 0x00000000f6b80000, 0x0000000100000000)
  eden space 320000K, 100% used [0x00000000e0000000,0x00000000f3880000,0x00000000f3880000)
  from space 21504K, 46% used [0x00000000f5680000,0x00000000f6038020,0x00000000f6b80000)
  to   space 26112K, 0% used [0x00000000f3880000,0x00000000f3880000,0x00000000f5200000)
 ParOldGen       total 129536K, used 72917K [0x00000000a0000000, 0x00000000a7e80000, 0x00000000e0000000)
  object space 129536K, 56% used [0x00000000a0000000,0x00000000a4735568,0x00000000a7e80000)
 Metaspace       used 84795K, capacity 91818K, committed 92160K, reserved 1128448K
  class space    used 11116K, capacity 12164K, committed 12288K, reserved 1048576K
Event: 11972.572 GC heap after
Heap after GC invocations=30 (full 3):
 PSYoungGen      total 346112K, used 7152K [0x00000000e0000000, 0x00000000faa00000, 0x0000000100000000)
  eden space 320000K, 0% used [0x00000000e0000000,0x00000000e0000000,0x00000000f3880000)
  from space 26112K, 27% used [0x00000000f3880000,0x00000000f3f7c010,0x00000000f5200000)
  to   space 25600K, 0% used [0x00000000f9100000,0x00000000f9100000,0x00000000faa00000)
 ParOldGen       total 129536K, used 74265K [0x00000000a0000000, 0x00000000a7e80000, 0x00000000e0000000)
  object space 129536K, 57% used [0x00000000a0000000,0x00000000a48865b8,0x00000000a7e80000)
 Metaspace       used 84795K, capacity 91818K, committed 92160K, reserved 1128448K
  class space    used 11116K, capacity 12164K, committed 12288K, reserved 1048576K
}
Event: 11986.116 GC heap before
{Heap before GC invocations=31 (full 3):
 PSYoungGen      total 346112K, used 327152K [0x00000000e0000000, 0x00000000faa00000, 0x0000000100000000)
  eden space 320000K, 100% used [0x00000000e0000000,0x00000000f3880000,0x00000000f3880000)
  from space 26112K, 27% used [0x00000000f3880000,0x00000000f3f7c010,0x00000000f5200000)
  to   space 25600K, 0% used [0x00000000f9100000,0x00000000f9100000,0x00000000faa00000)
 ParOldGen       total 129536K, used 74265K [0x00000000a0000000, 0x00000000a7e80000, 0x00000000e0000000)
  object space 129536K, 57% used [0x00000000a0000000,0x00000000a48865b8,0x00000000a7e80000)
 Metaspace       used 85186K, capacity 92174K, committed 92416K, reserved 1130496K
  class space    used 11136K, capacity 12172K, committed 12288K, reserved 1048576K
Event: 11986.140 GC heap after
Heap after GC invocations=31 (full 3):
 PSYoungGen      total 404992K, used 25586K [0x00000000e0000000, 0x00000000fae80000, 0x0000000100000000)
  eden space 379392K, 0% used [0x00000000e0000000,0x00000000e0000000,0x00000000f7280000)
  from space 25600K, 99% used [0x00000000f9100000,0x00000000fa9fc820,0x00000000faa00000)
  to   space 30720K, 0% used [0x00000000f7280000,0x00000000f7280000,0x00000000f9080000)
 ParOldGen       total 129536K, used 78557K [0x00000000a0000000, 0x00000000a7e80000, 0x00000000e0000000)
  object space 129536K, 60% used [0x00000000a0000000,0x00000000a4cb74b8,0x00000000a7e80000)
 Metaspace       used 85186K, capacity 92174K, committed 92416K, reserved 1130496K
  class space    used 11136K, capacity 12172K, committed 12288K, reserved 1048576K
}
Event: 12248.912 GC heap before
{Heap before GC invocations=32 (full 3):
 PSYoungGen      total 404992K, used 404978K [0x00000000e0000000, 0x00000000fae80000, 0x0000000100000000)
  eden space 379392K, 100% used [0x00000000e0000000,0x00000000f7280000,0x00000000f7280000)
  from space 25600K, 99% used [0x00000000f9100000,0x00000000fa9fc820,0x00000000faa00000)
  to   space 30720K, 0% used [0x00000000f7280000,0x00000000f7280000,0x00000000f9080000)
 ParOldGen       total 129536K, used 78557K [0x00000000a0000000, 0x00000000a7e80000, 0x00000000e0000000)
  object space 129536K, 60% used [0x00000000a0000000,0x00000000a4cb74b8,0x00000000a7e80000)
 Metaspace       used 85637K, capacity 93068K, committed 93184K, reserved 1130496K
  class space    used 11180K, capacity 12227K, committed 12288K, reserved 1048576K
Event: 12248.939 GC heap after
Heap after GC invocations=32 (full 3):
 PSYoungGen      total 410112K, used 22455K [0x00000000e0000000, 0x00000000fee80000, 0x0000000100000000)
  eden space 379392K, 0% used [0x00000000e0000000,0x00000000e0000000,0x00000000f7280000)
  from space 30720K, 73% used [0x00000000f7280000,0x00000000f886dc90,0x00000000f9080000)
  to   space 32256K, 0% used [0x00000000fcf00000,0x00000000fcf00000,0x00000000fee80000)
 ParOldGen       total 129536K, used 80333K [0x00000000a0000000, 0x00000000a7e80000, 0x00000000e0000000)
  object space 129536K, 62% used [0x00000000a0000000,0x00000000a4e73620,0x00000000a7e80000)
 Metaspace       used 85637K, capacity 93068K, committed 93184K, reserved 1130496K
  class space    used 11180K, capacity 12227K, committed 12288K, reserved 1048576K
}
Event: 13048.255 GC heap before
{Heap before GC invocations=33 (full 3):
 PSYoungGen      total 410112K, used 401847K [0x00000000e0000000, 0x00000000fee80000, 0x0000000100000000)
  eden space 379392K, 100% used [0x00000000e0000000,0x00000000f7280000,0x00000000f7280000)
  from space 30720K, 73% used [0x00000000f7280000,0x00000000f886dc90,0x00000000f9080000)
  to   space 32256K, 0% used [0x00000000fcf00000,0x00000000fcf00000,0x00000000fee80000)
 ParOldGen       total 129536K, used 80333K [0x00000000a0000000, 0x00000000a7e80000, 0x00000000e0000000)
  object space 129536K, 62% used [0x00000000a0000000,0x00000000a4e73620,0x00000000a7e80000)
 Metaspace       used 85931K, capacity 93542K, committed 93696K, reserved 1130496K
  class space    used 11211K, capacity 12264K, committed 12288K, reserved 1048576K
Event: 13048.264 GC heap after
Heap after GC invocations=33 (full 3):
 PSYoungGen      total 457728K, used 4656K [0x00000000e0000000, 0x00000000fe680000, 0x0000000100000000)
  eden space 433664K, 0% used [0x00000000e0000000,0x00000000e0000000,0x00000000fa780000)
  from space 24064K, 19% used [0x00000000fcf00000,0x00000000fd38c030,0x00000000fe680000)
  to   space 32256K, 0% used [0x00000000fa780000,0x00000000fa780000,0x00000000fc700000)
 ParOldGen       total 129536K, used 81049K [0x00000000a0000000, 0x00000000a7e80000, 0x00000000e0000000)
  object space 129536K, 62% used [0x00000000a0000000,0x00000000a4f26670,0x00000000a7e80000)
 Metaspace       used 85931K, capacity 93542K, committed 93696K, reserved 1130496K
  class space    used 11211K, capacity 12264K, committed 12288K, reserved 1048576K
}
Event: 13052.737 GC heap before
{Heap before GC invocations=34 (full 3):
 PSYoungGen      total 457728K, used 437957K [0x00000000e0000000, 0x00000000fe680000, 0x0000000100000000)
  eden space 433664K, 99% used [0x00000000e0000000,0x00000000fa725710,0x00000000fa780000)
  from space 24064K, 19% used [0x00000000fcf00000,0x00000000fd38c030,0x00000000fe680000)
  to   space 32256K, 0% used [0x00000000fa780000,0x00000000fa780000,0x00000000fc700000)
 ParOldGen       total 129536K, used 81049K [0x00000000a0000000, 0x00000000a7e80000, 0x00000000e0000000)
  object space 129536K, 62% used [0x00000000a0000000,0x00000000a4f26670,0x00000000a7e80000)
 Metaspace       used 86331K, capacity 94038K, committed 94208K, reserved 1130496K
  class space    used 11225K, capacity 12272K, committed 12288K, reserved 1048576K
Event: 13052.745 GC heap after
Heap after GC invocations=34 (full 3):
 PSYoungGen      total 421888K, used 6560K [0x00000000e0000000, 0x00000000fd380000, 0x0000000100000000)
  eden space 415232K, 0% used [0x00000000e0000000,0x00000000e0000000,0x00000000f9580000)
  from space 6656K, 98% used [0x00000000fa780000,0x00000000fade8020,0x00000000fae00000)
  to   space 31744K, 0% used [0x00000000fb480000,0x00000000fb480000,0x00000000fd380000)
 ParOldGen       total 129536K, used 81057K [0x00000000a0000000, 0x00000000a7e80000, 0x00000000e0000000)
  object space 129536K, 62% used [0x00000000a0000000,0x00000000a4f28670,0x00000000a7e80000)
 Metaspace       used 86331K, capacity 94038K, committed 94208K, reserved 1130496K
  class space    used 11225K, capacity 12272K, committed 12288K, reserved 1048576K
}

Deoptimization events (10 events):
Event: 13056.118 Thread 0x000000001ca0a800 Uncommon trap: reason=unstable_if action=reinterpret pc=0x0000000005a62050 method=com.android.dx.ssa.SsaMethod.isRegALocal(Lcom/android/dx/rop/code/RegisterSpec;)Z @ 80
Event: 13056.118 Thread 0x000000001ca0a800 Uncommon trap: reason=unstable_if action=reinterpret pc=0x0000000005a59118 method=com.android.dx.ssa.SsaMethod.isRegALocal(Lcom/android/dx/rop/code/RegisterSpec;)Z @ 80
Event: 13056.118 Thread 0x000000001ca0a800 Uncommon trap: reason=unstable_if action=reinterpret pc=0x0000000005a6cda4 method=com.android.dx.ssa.NormalSsaInsn.getLocalAssignment()Lcom/android/dx/rop/code/RegisterSpec; @ 12
Event: 13056.118 Thread 0x000000001ca0a800 Uncommon trap: reason=unstable_if action=reinterpret pc=0x0000000003cc730c method=com.android.dx.rop.code.Insn.getLocalAssignment()Lcom/android/dx/rop/code/RegisterSpec; @ 9
Event: 13056.143 Thread 0x000000001ca0a800 Uncommon trap: reason=unstable_if action=reinterpret pc=0x00000000032a29b0 method=com.android.dx.rop.code.Insn.getLocalAssignment()Lcom/android/dx/rop/code/RegisterSpec; @ 9
Event: 13056.144 Thread 0x000000001ca0a800 Uncommon trap: reason=unstable_if action=reinterpret pc=0x00000000059cc908 method=java.util.concurrent.ConcurrentHashMap.addCount(JI)V @ 97
Event: 13056.145 Thread 0x000000001ca0a800 Uncommon trap: reason=unstable_if action=reinterpret pc=0x0000000005a235a4 method=com.android.dx.ssa.SCCP.simulateBranch(Lcom/android/dx/ssa/SsaInsn;)V @ 53
Event: 13056.146 Thread 0x000000001ca0a800 Uncommon trap: reason=null_check action=make_not_entrant pc=0x00000000057d8a78 method=com.android.dx.rop.type.Type.equals(Ljava/lang/Object;)Z @ 8
Event: 13056.146 Thread 0x000000001ca0a800 Uncommon trap: reason=unstable_if action=reinterpret pc=0x0000000005a15e10 method=com.android.dx.rop.code.RegisterSpecSet.intersect(Lcom/android/dx/rop/code/RegisterSpecSet;Z)V @ 73
Event: 13056.148 Thread 0x000000001ca0a800 Uncommon trap: reason=unstable_if action=reinterpret pc=0x0000000003352e54 method=com.android.dx.rop.cst.CstLiteral32.equals(Ljava/lang/Object;)Z @ 26

Internal exceptions (10 events):
Event: 12281.656 Thread 0x000000001ca02800 Exception <a 'sun/nio/fs/WindowsException'> (0x00000000eeb07480) thrown at [C:\src\android\AOSP-openjdk\external\jetbrains\jdk\hotspot\src\share\vm\prims\jni.cpp, line 709]
Event: 12283.262 Thread 0x000000001ca02800 Exception <a 'sun/nio/fs/WindowsException'> (0x00000000f3549ab0) thrown at [C:\src\android\AOSP-openjdk\external\jetbrains\jdk\hotspot\src\share\vm\prims\jni.cpp, line 709]
Event: 13047.959 Thread 0x000000001ca01000 Exception <a 'java/lang/ClassNotFoundException': asLocalRepo5878_7zwhe5v8dtcbh9lkl44qz0pexBeanInfo> (0x00000000f4116788) thrown at [C:\src\android\AOSP-openjdk\external\jetbrains\jdk\hotspot\src\share\vm\classfile\systemDictionary.cpp, line 210]
Event: 13047.959 Thread 0x000000001ca01000 Exception <a 'java/lang/ClassNotFoundException': asLocalRepo5878_7zwhe5v8dtcbh9lkl44qz0pexCustomizer> (0x00000000f4121dc8) thrown at [C:\src\android\AOSP-openjdk\external\jetbrains\jdk\hotspot\src\share\vm\classfile\systemDictionary.cpp, line 210]
Event: 13050.668 Thread 0x000000001ca01000 Implicit null exception at 0x00000000054b4569 to 0x00000000054b6795
Event: 13052.461 Thread 0x000000001ca01000 Implicit null exception at 0x000000000329e966 to 0x000000000329efc5
Event: 13052.463 Thread 0x000000001ca01000 Implicit null exception at 0x0000000004720abd to 0x0000000004720f2d
Event: 13052.778 Thread 0x000000001ca01000 Exception <a 'java/io/FileNotFoundException'> (0x00000000e19a4538) thrown at [C:\src\android\AOSP-openjdk\external\jetbrains\jdk\hotspot\src\share\vm\prims\jni.cpp, line 709]
Event: 13052.844 Thread 0x000000001ca01000 Implicit null exception at 0x0000000005669c63 to 0x0000000005669f49
Event: 13056.146 Thread 0x000000001ca0a800 Implicit null exception at 0x00000000057d8962 to 0x00000000057d8a69

Events (10 events):
Event: 13056.173 Thread 0x000000001ca0b800 DEOPT UNPACKING pc=0x00000000028375bf sp=0x000000003affe468 mode 0
Event: 13056.175 Thread 0x000000001ca0b800 Thread exited: 0x000000001ca0b800
Event: 13056.176 Thread 0x000000001617c800 flushing nmethod 0x0000000003154f50
Event: 13056.177 Thread 0x000000001617c800 flushing nmethod 0x0000000003305410
Event: 13056.185 Thread 0x000000001ca04000 Thread exited: 0x000000001ca04000
Event: 13056.187 Thread 0x000000001617c800 flushing nmethod 0x0000000004109110
Event: 13056.189 Thread 0x000000001617c800 flushing nmethod 0x000000000461f750
Event: 13056.190 Thread 0x000000001617c800 flushing nmethod 0x00000000047ed250
Event: 13056.201 Thread 0x000000001617c800 flushing nmethod 0x0000000005fd5810
Event: 13056.207 Thread 0x000000001ca04800 Thread exited: 0x000000001ca04800


Dynamic libraries:
0x00007ff6a5400000 - 0x00007ff6a5431000 	C:\Program Files\Android\Android Studio\jre\bin\java.exe
0x00007ffb3bdb0000 - 0x00007ffb3bf8b000 	C:\WINDOWS\SYSTEM32\ntdll.dll
0x00007ffb3bcb0000 - 0x00007ffb3bd5e000 	C:\WINDOWS\System32\KERNEL32.DLL
0x00007ffb38370000 - 0x00007ffb385b9000 	C:\WINDOWS\System32\KERNELBASE.dll
0x00007ffb3b900000 - 0x00007ffb3b9a1000 	C:\WINDOWS\System32\ADVAPI32.dll
0x00007ffb3ad70000 - 0x00007ffb3ae0d000 	C:\WINDOWS\System32\msvcrt.dll
0x00007ffb39310000 - 0x00007ffb39369000 	C:\WINDOWS\System32\sechost.dll
0x00007ffb3bae0000 - 0x00007ffb3bc05000 	C:\WINDOWS\System32\RPCRT4.dll
0x00007ffb3b710000 - 0x00007ffb3b85a000 	C:\WINDOWS\System32\USER32.dll
0x00007ffb38850000 - 0x00007ffb3886e000 	C:\WINDOWS\System32\win32u.dll
0x00007ffb3bc80000 - 0x00007ffb3bca7000 	C:\WINDOWS\System32\GDI32.dll
0x00007ffb385c0000 - 0x00007ffb38748000 	C:\WINDOWS\System32\gdi32full.dll
0x00007ffb382d0000 - 0x00007ffb3836a000 	C:\WINDOWS\System32\msvcp_win.dll
0x00007ffb38750000 - 0x00007ffb38846000 	C:\WINDOWS\System32\ucrtbase.dll
0x00007ffb2f630000 - 0x00007ffb2f897000 	C:\WINDOWS\WinSxS\amd64_microsoft.windows.common-controls_6595b64144ccf1df_6.0.15063.483_none_26002d27e7c744a2\COMCTL32.dll
0x00007ffb3aa50000 - 0x00007ffb3ad49000 	C:\WINDOWS\System32\combase.dll
0x00007ffb388d0000 - 0x00007ffb3893a000 	C:\WINDOWS\System32\bcryptPrimitives.dll
0x00007ffb3bd80000 - 0x00007ffb3bdad000 	C:\WINDOWS\System32\IMM32.DLL
0x00000000562b0000 - 0x0000000056382000 	C:\Program Files\Android\Android Studio\jre\jre\bin\msvcr100.dll
0x0000000056ce0000 - 0x000000005751c000 	C:\Program Files\Android\Android Studio\jre\jre\bin\server\jvm.dll
0x00007ffb3a9e0000 - 0x00007ffb3a9e8000 	C:\WINDOWS\System32\PSAPI.DLL
0x00007ffb36420000 - 0x00007ffb36443000 	C:\WINDOWS\SYSTEM32\WINMM.dll
0x00007ffb27670000 - 0x00007ffb27679000 	C:\WINDOWS\SYSTEM32\WSOCK32.dll
0x00007ffb3bc10000 - 0x00007ffb3bc7c000 	C:\WINDOWS\System32\WS2_32.dll
0x00007ffb340c0000 - 0x00007ffb340ca000 	C:\WINDOWS\SYSTEM32\VERSION.dll
0x00007ffb363c0000 - 0x00007ffb363eb000 	C:\WINDOWS\SYSTEM32\WINMMBASE.dll
0x00007ffb38b10000 - 0x00007ffb38b59000 	C:\WINDOWS\System32\cfgmgr32.dll
0x00007ffb300a0000 - 0x00007ffb300af000 	C:\Program Files\Android\Android Studio\jre\jre\bin\verify.dll
0x00007ffb12dd0000 - 0x00007ffb12df9000 	C:\Program Files\Android\Android Studio\jre\jre\bin\java.dll
0x00007ffb319d0000 - 0x00007ffb319e6000 	C:\Program Files\Android\Android Studio\jre\jre\bin\zip.dll
0x00007ffb395a0000 - 0x00007ffb3a9d7000 	C:\WINDOWS\System32\SHELL32.dll
0x00007ffb3ba30000 - 0x00007ffb3bada000 	C:\WINDOWS\System32\shcore.dll
0x00007ffb38c10000 - 0x00007ffb39303000 	C:\WINDOWS\System32\windows.storage.dll
0x00007ffb39540000 - 0x00007ffb39591000 	C:\WINDOWS\System32\shlwapi.dll
0x00007ffb38240000 - 0x00007ffb38251000 	C:\WINDOWS\System32\kernel.appcore.dll
0x00007ffb38280000 - 0x00007ffb382cc000 	C:\WINDOWS\System32\powrprof.dll
0x00007ffb38220000 - 0x00007ffb38235000 	C:\WINDOWS\System32\profapi.dll
0x00007ffb1ef40000 - 0x00007ffb1ef5a000 	C:\Program Files\Android\Android Studio\jre\jre\bin\net.dll
0x00007ffb37ad0000 - 0x00007ffb37b2c000 	C:\WINDOWS\system32\mswsock.dll
0x00007ffb1e080000 - 0x00007ffb1e091000 	C:\Program Files\Android\Android Studio\jre\jre\bin\nio.dll
0x00007ffb34810000 - 0x00007ffb3482e000 	C:\Users\WINDOWS\.gradle\native\23\windows-amd64\native-platform.dll
0x00007ffb37c70000 - 0x00007ffb37c87000 	C:\WINDOWS\SYSTEM32\CRYPTSP.dll
0x00007ffb376f0000 - 0x00007ffb37724000 	C:\WINDOWS\system32\rsaenh.dll
0x00007ffb37de0000 - 0x00007ffb37e05000 	C:\WINDOWS\SYSTEM32\bcrypt.dll
0x00007ffb38150000 - 0x00007ffb38179000 	C:\WINDOWS\SYSTEM32\USERENV.dll
0x00007ffb37c90000 - 0x00007ffb37c9b000 	C:\WINDOWS\SYSTEM32\CRYPTBASE.dll
0x00007ffb37870000 - 0x00007ffb378a7000 	C:\WINDOWS\SYSTEM32\IPHLPAPI.DLL
0x00007ffb3ad50000 - 0x00007ffb3ad58000 	C:\WINDOWS\System32\NSI.dll
0x00007ffb31050000 - 0x00007ffb31066000 	C:\WINDOWS\SYSTEM32\dhcpcsvc6.DLL
0x00007ffb2ebf0000 - 0x00007ffb2ec0a000 	C:\WINDOWS\SYSTEM32\dhcpcsvc.DLL
0x00007ffb34d50000 - 0x00007ffb34d5d000 	C:\Program Files\Android\Android Studio\jre\jre\bin\management.dll
0x00007ffb179c0000 - 0x00007ffb179e4000 	C:\Program Files\Android\Android Studio\jre\jre\bin\sunec.dll
0x00007ffb378b0000 - 0x00007ffb37954000 	C:\WINDOWS\SYSTEM32\DNSAPI.dll
0x0000000056390000 - 0x00000000563b6000 	C:\Program Files\Bonjour\mdnsNSP.dll
0x00007ffb21410000 - 0x00007ffb2141a000 	C:\Windows\System32\rasadhlp.dll
0x00007ffb2ed90000 - 0x00007ffb2edfb000 	C:\WINDOWS\System32\fwpuclnt.dll
0x00007ffb345a0000 - 0x00007ffb345ab000 	C:\Program Files\Android\Android Studio\jre\jre\bin\sunmscapi.dll
0x00007ffb38940000 - 0x00007ffb38b09000 	C:\WINDOWS\System32\CRYPT32.dll
0x00007ffb38260000 - 0x00007ffb38271000 	C:\WINDOWS\System32\MSASN1.dll

VM Arguments:
jvm_args: -Xmx1536m -Dfile.encoding=windows-1252 -Duser.country=US -Duser.language=en -Duser.variant 
java_command: org.gradle.launcher.daemon.bootstrap.GradleDaemon 3.3
java_class_path (initial): C:\Users\WINDOWS\.gradle\wrapper\dists\gradle-3.3-all\55gk2rcmfc6p2dg9u9ohc3hw9\gradle-3.3\lib\gradle-launcher-3.3.jar
Launcher Type: SUN_STANDARD

Environment Variables:
PATH=C:\ProgramData\Oracle\Java\javapath;C:\Windows\system32;C:\Windows;C:\Windows\System32\Wbem;C:\Windows\System32\WindowsPowerShell\v1.0\;C:\Program Files (x86)\NVIDIA Corporation\PhysX\Common;C:\WINDOWS\system32;C:\WINDOWS;C:\WINDOWS\System32\Wbem;C:\WINDOWS\System32\WindowsPowerShell\v1.0\;C:\Program Files (x86)\GtkSharp\2.12\bin;C:\Program Files (x86)\Microsoft SQL Server\Client SDK\ODBC\130\Tools\Binn\;C:\Program Files (x86)\Microsoft SQL Server\130\Tools\Binn\;C:\Program Files (x86)\Microsoft SQL Server\130\DTS\Binn\;C:\Program Files (x86)\Microsoft SQL Server\130\Tools\Binn\ManagementStudio\;C:\Program Files\Microsoft\Web Platform Installer\;C:\AndroidSDK\tools\;C:\Users\WINDOWS\AppData\Local\Microsoft\WindowsApps;;C:\Program Files (x86)\Microsoft VS Code\bin
USERNAME=WINDOWS
OS=Windows_NT
PROCESSOR_IDENTIFIER=Intel64 Family 6 Model 94 Stepping 3, GenuineIntel



---------------  S Y S T E M  ---------------

OS: Windows 10.0 , 64 bit Build 15063 (10.0.15063.296)

CPU:total 4 (4 cores per cpu, 1 threads per core) family 6 model 94 stepping 3, cmov, cx8, fxsr, mmx, sse, sse2, sse3, ssse3, sse4.1, sse4.2, popcnt, avx, avx2, aes, clmul, erms, 3dnowpref, lzcnt, tsc, tscinvbit, bmi1, bmi2, adx

Memory: 4k page, physical 6651404k(1560168k free), swap 8399372k(4000k free)

vm_info: OpenJDK 64-Bit Server VM (25.112-b06) for windows-amd64 JRE (1.8.0_112-release-b06), built on Dec  8 2016 00:54:26 by "builder" with MS VC++ 10.0 (VS2010)

time: Fri Sep 08 10:59:49 2017
elapsed time: 13056 seconds (0d 3h 37m 36s)

